# cryptorun/internal/application/bench
internal\application\bench\spec_pnl.go:179:2: declared and not used: endTime
internal\application\bench\spec_pnl.go:217:2: declared and not used: endTime
internal\application\bench\topgainers.go:373:19: tgb.progressBus.Emit undefined (type *progress.ScanProgressBus has no field or method Emit)
internal\application\bench\topgainers.go:373:33: undefined: progress.ScanProgress
internal\application\bench\alignment.go:4:2: "encoding/json" imported and not used
internal\application\bench\alignment.go:5:2: "fmt" imported and not used
internal\application\bench\alignment.go:6:2: "io/ioutil" imported and not used
internal\application\bench\alignment.go:8:2: "os" imported and not used
internal\application\bench\alignment.go:9:2: "path/filepath" imported and not used
internal\application\bench\alignment.go:10:2: "sort" imported and not used
internal\application\bench\alignment.go:10:2: too many errors
# cryptorun/internal/explain/delta
internal\explain\delta\runner.go:8:2: "sort" imported and not used
internal\explain\delta\runner.go:113:22: not enough arguments in call to universe.NewBuilder
	have ()
	want (universe.KrakenLite)
internal\explain\delta\runner.go:114:33: universeBuilder.LoadUniverse undefined (type *universe.Builder has no field or method LoadUniverse)
internal\explain\delta\runner.go:141:20: scanner.GetCurrentRegime undefined (type *application.ScanPipeline has no field or method GetCurrentRegime)
internal\explain\delta\runner.go:148:27: scanner.ExplainSymbol undefined (type *application.ScanPipeline has no field or method ExplainSymbol)
# cryptorun/internal/interfaces/http/endpoints
internal\interfaces\http\endpoints\explain.go:6:2: "path/filepath" imported and not used
# cryptorun/internal/infrastructure/websocket
internal\infrastructure\websocket\normalizers.go:184:2: struct field Count repeats json tag "c" also at normalizers.go:173
# cryptorun/internal/application/guards
# [cryptorun/internal/application/guards]
vet.exe: internal\application\guards\latefill_test.go:264:2: declared and not used: mockTime
# cryptorun/internal/exits
# [cryptorun/internal/exits]
vet.exe: internal\exits\logic_test.go:18:3: unknown field HardStopPrice in struct literal of type ExitInputs
# cryptorun/internal/explain
# [cryptorun/internal/explain]
vet.exe: internal\explain\explainer.go:166:39: compositeScore.FinalScoreWithSocial undefined (type *composite.CompositeScore has no field or method FinalScoreWithSocial)
# cryptorun/internal/gates
# [cryptorun/internal/gates]
vet.exe: internal\gates\entry_test.go:134:94: not enough arguments in call to evaluator.EvaluateEntry
	have (context.Context, string, number, number, string)
	want (context.Context, string, float64, float64, string, float64)
# cryptorun/internal/providers/adapters
vet.exe: internal\providers\adapters\coingecko.go:41:27: undefined: microstructure.GuardAgainstAggregator
# cryptorun/internal/social
# [cryptorun/internal/social]
vet.exe: internal\social\api_test.go:229:35: comp.SourceID undefined (type *SocialComponent has no field or method SourceID)
# cryptorun/out/review/stage_20250906_133751/internal/application
vet.exe: out\review\stage_20250906_133751\internal\application\scan.go:337:101: not enough arguments in call to pipeline.BuildFactorSet
	have (string, *pipeline.MomentumFactors, float64, float64, float64)
	want (string, *pipeline.MomentumFactors, float64, float64, float64, float64)
# cryptorun/out/review/stage_20250906_133751/internal/infrastructure/websocket
out\review\stage_20250906_133751\internal\infrastructure\websocket\normalizers.go:184:2: struct field Count repeats json tag "c" also at normalizers.go:173
# cryptorun/out/review/stage_20250906_133751/internal/spec
vet.exe: out\review\stage_20250906_133751\internal\spec\factor_hierarchy.go:140:3: unknown field Volatility in struct literal of type pipeline.FactorSet
# cryptorun/tests/conformance
# [cryptorun/tests/conformance]
vet.exe: tests\conformance\momentum_protection_test.go:68:6: declared and not used: i
# cryptorun/tests/empirical
# [cryptorun/tests/empirical]
vet.exe: tests\empirical\gate_alignment_test.go:69:2: declared and not used: analysis4h
# cryptorun/internal/explain
internal\explain\explainer.go:166:39: compositeScore.FinalScoreWithSocial undefined (type *composite.CompositeScore has no field or method FinalScoreWithSocial)
internal\explain\explainer.go:212:23: cannot use compositeScore.VolumeResid (variable of struct type composite.VolumeComponents) as float64 value in map literal
internal\explain\explainer.go:213:23: cannot use compositeScore.QualityResid (variable of struct type composite.QualityComponents) as float64 value in map literal
internal\explain\explainer.go:214:38: compositeScore.SocialResidCapped undefined (type *composite.CompositeScore has no field or method SocialResidCapped)
internal\explain\explainer.go:220:55: cannot convert 0.15 (untyped float constant) to type struct{Volume float64 "json:\"volume\""; DeltaOI float64 "json:\"delta_oi\""; Combined float64 "json:\"combined\""}
internal\explain\explainer.go:221:56: cannot convert 0.15 (untyped float constant) to type struct{OIResid float64 "json:\"oi_resid\""; Reserves float64 "json:\"reserves\""; ETFTint float64 "json:\"etf_tint\""; VenueHealth float64 "json:\"venue_health\""; Combined float64 "json:\"combined\""}
internal\explain\explainer.go:223:34: compositeScore.InternalTotal100 undefined (type *composite.CompositeScore has no field or method InternalTotal100)
internal\explain\explainer.go:224:34: compositeScore.SocialResidCapped undefined (type *composite.CompositeScore has no field or method SocialResidCapped)
internal\explain\explainer.go:225:34: compositeScore.FinalScoreWithSocial undefined (type *composite.CompositeScore has no field or method FinalScoreWithSocial)
internal\explain\explainer.go:237:34: e.regimeWeights.GetWeightsForRegime undefined (type *"cryptorun/internal/config/regime".WeightsLoader has no field or method GetWeightsForRegime)
internal\explain\explainer.go:237:34: too many errors
# cryptorun/tests/spec
# [cryptorun/tests/spec]
vet.exe: tests\spec\suite_test.go:15:9: undefined: spec.MicrostructureSpec
# cryptorun/tests/unit/catalyst
# [cryptorun/tests/unit/catalyst]
vet.exe: tests\unit\catalyst\heat_test.go:407:14: undefined: fmt
# cryptorun/tests/unit/exits
# [cryptorun/tests/unit/exits]
vet.exe: tests\unit\exits\exit_logic_test.go:20:3: unknown field HardStopPrice in struct literal of type "cryptorun/internal/exits".ExitInputs
# cryptorun/tests/integration/premove
# [cryptorun/tests/integration/premove]
vet.exe: tests\integration\premove\backtest_pit_test.go:18:21: undefined: premove.NewPITRecordLoader
# cryptorun/tests/unit/premove
# [cryptorun/tests/unit/premove]
vet.exe: tests\unit\premove\alerts_test.go:435:4: unknown field MaxAlertsPerHour in struct literal of type "cryptorun/src/application/premove".FatigueConfig
# cryptorun/tests/system/premove
# [cryptorun/tests/system/premove]
vet.exe: tests\system\premove\risk_filters_test.go:23:5: unknown field Symbol in struct literal of type microstructure.EvaluationResult
